[2025-08-13 22:36:29] API rodando em http://localhost:3000
[2025-08-13 22:36:33][LOGIN][POST] - Tentativa de login: diogo@gmail.com
[2025-08-13 22:36:33][LOGIN][POST] - Login bem sucedido: diogo@gmail.com
[2025-08-13 22:36:34] verify token in mongodb: false
[2025-08-13 22:36:34][PRODUTO][LIST][GET] - Listando produtos do usuário ID: 1
[2025-08-13 22:36:34][PRODUTO][LIST][GET] - Produtos listados com sucesso para usuário ID: 1 | Quantidade: 1
[2025-08-13 22:39:06] verify token in mongodb: false
[2025-08-13 22:39:06][PRODUTO][LIST][GET] - Listando produtos do usuário ID: 1
[2025-08-13 22:39:06][PRODUTO][LIST][GET] - Produtos listados com sucesso para usuário ID: 1 | Quantidade: 1
[2025-08-13 22:39:13] verify token in mongodb: false
[2025-08-13 22:39:13][PRODUTO][UPDATE][PUT] - Usuário ID: 1 tentando atualizar produto ID: 3
Dados recebidos do usuário: {"nome":"Tenis1","preco":195,"quantidade":123}
[2025-08-13 22:39:13][PRODUTO][UPDATE][PUT] - Produto ID: 3 atualizado com sucesso pelo usuário ID: 1
[2025-08-13 22:39:14] verify token in mongodb: false
[2025-08-13 22:39:14][PRODUTO][LIST][GET] - Listando produtos do usuário ID: 1
[2025-08-13 22:39:14][PRODUTO][LIST][GET] - Produtos listados com sucesso para usuário ID: 1 | Quantidade: 1
[2025-08-13 22:40:08][LOGIN][POST] - Tentativa de login: kennedysaster@gmail.com
[2025-08-13 22:40:08][LOGIN][POST] - Usuário não encontrado: kennedysaster@gmail.com
[2025-08-13 22:40:46][LOGIN][POST] - Tentativa de login: kennedysaster@gmail.com
[2025-08-13 22:40:46][LOGIN][POST] - Usuário não encontrado: kennedysaster@gmail.com
[2025-08-13 22:41:02][REGISTER][POST] - Tentativa de registro do usuário: kennedysaster@gmail.com
[2025-08-13 22:41:03][REGISTER][POST] - Usuário registrado com sucesso: kennedysaster@gmail.com
[2025-08-13 22:41:05][LOGIN][POST] - Tentativa de login: kennedysaster@gmail.com
[2025-08-13 22:41:05][LOGIN][POST] - Login bem sucedido: kennedysaster@gmail.com
[2025-08-13 22:41:16] verify token in mongodb: false
[2025-08-13 22:41:16][PRODUTO][LIST][GET] - Listando produtos do usuário ID: 2
[2025-08-13 22:41:16][PRODUTO][LIST][GET] - Produtos listados com sucesso para usuário ID: 2 | Quantidade: 0
[2025-08-13 22:41:39] verify token in mongodb: false
[2025-08-13 22:41:39][PRODUTO][CREATE][POST] - Usuário ID: 2 tentando criar produto
[2025-08-13 22:41:39][PRODUTO][CREATE][POST] - Produto criado com sucesso pelo usuário ID: 2 | Nome: chinelo
[2025-08-13 22:41:39] verify token in mongodb: false
[2025-08-13 22:41:39][PRODUTO][LIST][GET] - Listando produtos do usuário ID: 2
[2025-08-13 22:41:39][PRODUTO][LIST][GET] - Produtos listados com sucesso para usuário ID: 2 | Quantidade: 1
[2025-08-13 22:42:02] verify token in mongodb: false
[2025-08-13 22:42:02][PRODUTO][LIST][GET] - Listando produtos do usuário ID: 2
[2025-08-13 22:42:02][PRODUTO][LIST][GET] - Produtos listados com sucesso para usuário ID: 2 | Quantidade: 1
[2025-08-13 22:54:41][LOGIN][POST] - Tentativa de login: diogo@gmail.com
[2025-08-13 22:54:41][LOGIN][POST] - Login bem sucedido: diogo@gmail.com
[2025-08-13 22:54:41] verify token in mongodb: false
[2025-08-13 22:54:41][PRODUTO][LIST][GET] - Listando produtos do usuário ID: 1
[2025-08-13 22:54:41][PRODUTO][LIST][GET] - Produtos listados com sucesso para usuário ID: 1 | Quantidade: 1
[2025-08-13 22:56:45][LOGIN][POST] - Tentativa de login: diogo@gmail.com
[2025-08-13 22:56:45][LOGIN][POST] - Login bem sucedido: diogo@gmail.com
[2025-08-13 22:56:45] verify token in mongodb: false
[2025-08-13 22:56:45][PRODUTO][LIST][GET] - Listando produtos do usuário ID: 1
[2025-08-13 22:56:45][PRODUTO][LIST][GET] - Produtos listados com sucesso para usuário ID: 1 | Quantidade: 1
[2025-08-13 22:57:35][LOGIN][POST] - Tentativa de login: diogo@gmail.com
[2025-08-13 22:57:35][LOGIN][POST] - Senha incorreta para usuário: diogo@gmail.com
[2025-08-13 22:57:48][LOGIN][POST] - Tentativa de login: diogo@gmail.com
[2025-08-13 22:57:48][LOGIN][POST] - Login bem sucedido: diogo@gmail.com
[2025-08-13 22:57:51] verify token in mongodb: false
[2025-08-13 22:57:51][PRODUTO][LIST][GET] - Listando produtos do usuário ID: 1
[2025-08-13 22:57:51][PRODUTO][LIST][GET] - Produtos listados com sucesso para usuário ID: 1 | Quantidade: 1
[2025-08-13 22:58:50][LOGIN][POST] - Tentativa de login: kennedysaster@gmail.com
[2025-08-13 22:58:50][LOGIN][POST] - Login bem sucedido: kennedysaster@gmail.com
[2025-08-13 22:58:53] verify token in mongodb: false
[2025-08-13 22:58:53][PRODUTO][LIST][GET] - Listando produtos do usuário ID: 2
[2025-08-13 22:58:53][PRODUTO][LIST][GET] - Produtos listados com sucesso para usuário ID: 2 | Quantidade: 1
[2025-08-13 22:59:02][LOGIN][POST] - Tentativa de login: kennedysaster@gmail.com
[2025-08-13 22:59:02][LOGIN][POST] - Login bem sucedido: kennedysaster@gmail.com
[2025-08-13 22:59:03] verify token in mongodb: false
[2025-08-13 22:59:03][PRODUTO][LIST][GET] - Listando produtos do usuário ID: 2
[2025-08-13 22:59:03][PRODUTO][LIST][GET] - Produtos listados com sucesso para usuário ID: 2 | Quantidade: 1
[2025-08-13 22:59:06] verify token in mongodb: false
[2025-08-13 22:59:06][PRODUTO][LIST][GET] - Listando produtos do usuário ID: 2
[2025-08-13 22:59:06][PRODUTO][LIST][GET] - Produtos listados com sucesso para usuário ID: 2 | Quantidade: 1
[2025-08-13 22:59:14] verify token in mongodb: false
[2025-08-13 22:59:14][PRODUTO][LIST][GET] - Listando produtos do usuário ID: 2
[2025-08-13 22:59:14][PRODUTO][LIST][GET] - Produtos listados com sucesso para usuário ID: 2 | Quantidade: 1
[2025-08-13 23:00:00] verify token in mongodb: false
[2025-08-13 23:00:00][PRODUTO][LIST][GET] - Listando produtos do usuário ID: 2
[2025-08-13 23:00:00][PRODUTO][LIST][GET] - Produtos listados com sucesso para usuário ID: 2 | Quantidade: 1
[2025-08-13 23:00:05][LOGIN][POST] - Tentativa de login: diogo@gmail.com
[2025-08-13 23:00:05][LOGIN][POST] - Login bem sucedido: diogo@gmail.com
[2025-08-13 23:00:06] verify token in mongodb: false
[2025-08-13 23:00:06][PRODUTO][LIST][GET] - Listando produtos do usuário ID: 1
[2025-08-13 23:00:06][PRODUTO][LIST][GET] - Produtos listados com sucesso para usuário ID: 1 | Quantidade: 1
[2025-08-13 23:00:25] verify token in mongodb: false
[2025-08-13 23:00:25][PRODUTO][SEARCH][POST] - Usuário ID: 2 pesquisando produtos com query: "chinelo"
[2025-08-13 23:00:25][PRODUTO][SEARCH][POST] - Pesquisa concluída para usuário ID: 2 | Resultados: 1
[2025-08-13 23:00:27][LOGIN][POST] - Tentativa de login: diogo@gmail.com
[2025-08-13 23:00:27][LOGIN][POST] - Login bem sucedido: diogo@gmail.com
[2025-08-13 23:00:29] verify token in mongodb: false
[2025-08-13 23:00:29][PRODUTO][LIST][GET] - Listando produtos do usuário ID: 1
[2025-08-13 23:00:29][PRODUTO][LIST][GET] - Produtos listados com sucesso para usuário ID: 1 | Quantidade: 1
[2025-08-13 23:00:34] verify token in mongodb: false
[2025-08-13 23:00:34][PRODUTO][LIST][GET] - Listando produtos do usuário ID: 2
[2025-08-13 23:00:34][PRODUTO][LIST][GET] - Produtos listados com sucesso para usuário ID: 2 | Quantidade: 1
[2025-08-13 23:01:50][LOGIN][POST] - Tentativa de login: kennedysaster@gmail.com
[2025-08-13 23:01:50][LOGIN][POST] - Login bem sucedido: kennedysaster@gmail.com
[2025-08-13 23:01:51] verify token in mongodb: false
[2025-08-13 23:01:51][PRODUTO][LIST][GET] - Listando produtos do usuário ID: 2
[2025-08-13 23:01:51][PRODUTO][LIST][GET] - Produtos listados com sucesso para usuário ID: 2 | Quantidade: 1
[2025-08-13 23:02:02][LOGIN][POST] - Tentativa de login: kennedysaster@gmail.com
[2025-08-13 23:02:02][LOGIN][POST] - Login bem sucedido: kennedysaster@gmail.com
[2025-08-13 23:02:03] verify token in mongodb: false
[2025-08-13 23:02:03][PRODUTO][LIST][GET] - Listando produtos do usuário ID: 2
[2025-08-13 23:02:03][PRODUTO][LIST][GET] - Produtos listados com sucesso para usuário ID: 2 | Quantidade: 1
[2025-08-13 23:03:49] verify token in mongodb: false
[2025-08-13 23:03:49][PRODUTO][LIST][GET] - Listando produtos do usuário ID: 1
[2025-08-13 23:03:49][PRODUTO][LIST][GET] - Produtos listados com sucesso para usuário ID: 1 | Quantidade: 1
[2025-08-13 23:03:54][LOGIN][POST] - Tentativa de login: kennedysaster@gmail.com
[2025-08-13 23:03:54][LOGIN][POST] - Login bem sucedido: kennedysaster@gmail.com
[2025-08-13 23:04:04] verify token in mongodb: false
[2025-08-13 23:04:04][PRODUTO][LIST][GET] - Listando produtos do usuário ID: 1
[2025-08-13 23:04:04][PRODUTO][LIST][GET] - Produtos listados com sucesso para usuário ID: 1 | Quantidade: 1
[2025-08-13 23:04:05][LOGIN][POST] - Tentativa de login: kennedysaster@gmail.com
[2025-08-13 23:04:05][LOGIN][POST] - Login bem sucedido: kennedysaster@gmail.com
[2025-08-13 23:04:06] verify token in mongodb: false
[2025-08-13 23:04:06][PRODUTO][LIST][GET] - Listando produtos do usuário ID: 2
[2025-08-13 23:04:06][PRODUTO][LIST][GET] - Produtos listados com sucesso para usuário ID: 2 | Quantidade: 1
[2025-08-13 23:04:16] verify token in mongodb: false
[2025-08-13 23:04:16][LOGOUT][POST] - Logout solicitado pelo usuário ID: 2
[2025-08-13 23:04:16][LOGOUT][POST] - Logout realizado com sucesso para usuário ID: 2
[2025-08-13 23:04:19] verify token in mongodb: false
[2025-08-13 23:04:19][PRODUTO][CREATE][POST] - Usuário ID: 1 tentando criar produto
[2025-08-13 23:04:19][PRODUTO][CREATE][POST] - Produto criado com sucesso pelo usuário ID: 1 | Nome: tenis de corrida
[2025-08-13 23:04:20] verify token in mongodb: false
[2025-08-13 23:04:20][PRODUTO][LIST][GET] - Listando produtos do usuário ID: 1
[2025-08-13 23:04:20][PRODUTO][LIST][GET] - Produtos listados com sucesso para usuário ID: 1 | Quantidade: 2
[2025-08-13 23:05:20][LOGIN][POST] - Tentativa de login: kennedysaster@gmail.com
[2025-08-13 23:05:20][LOGIN][POST] - Login bem sucedido: kennedysaster@gmail.com
[2025-08-13 23:05:25] verify token in mongodb: false
[2025-08-13 23:05:25][PRODUTO][LIST][GET] - Listando produtos do usuário ID: 2
[2025-08-13 23:05:25][PRODUTO][LIST][GET] - Produtos listados com sucesso para usuário ID: 2 | Quantidade: 1
[2025-08-13 23:05:38] verify token in mongodb: false
[2025-08-13 23:05:38][PRODUTO][LIST][GET] - Listando produtos do usuário ID: 2
[2025-08-13 23:05:38][PRODUTO][LIST][GET] - Produtos listados com sucesso para usuário ID: 2 | Quantidade: 1
[2025-08-13 23:05:39][LOGIN][POST] - Tentativa de login: diogo@gmail.com
[2025-08-13 23:05:39][LOGIN][POST] - Login bem sucedido: diogo@gmail.com
[2025-08-13 23:05:40] verify token in mongodb: false
[2025-08-13 23:05:40][PRODUTO][LIST][GET] - Listando produtos do usuário ID: 1
[2025-08-13 23:05:40][PRODUTO][LIST][GET] - Produtos listados com sucesso para usuário ID: 1 | Quantidade: 2
[2025-08-13 23:07:37][LOGIN][POST] - Tentativa de login: kennedysaster@gmail.com
[2025-08-13 23:07:37][LOGIN][POST] - Login bem sucedido: kennedysaster@gmail.com
[2025-08-13 23:07:40] verify token in mongodb: false
[2025-08-13 23:07:40][PRODUTO][LIST][GET] - Listando produtos do usuário ID: 2
[2025-08-13 23:07:40][PRODUTO][LIST][GET] - Produtos listados com sucesso para usuário ID: 2 | Quantidade: 1
[2025-08-13 23:08:54] verify token in mongodb: false
[2025-08-13 23:08:54][PRODUTO][SEARCH][POST] - Usuário ID: 1 pesquisando produtos com query: "tenis"
[2025-08-13 23:08:54][PRODUTO][SEARCH][POST] - Pesquisa concluída para usuário ID: 1 | Resultados: 2
[2025-08-13 23:09:48][LOGIN][POST] - Tentativa de login: diogo@gmail.com
[2025-08-13 23:09:48][LOGIN][POST] - Login bem sucedido: diogo@gmail.com
[2025-08-13 23:09:49] verify token in mongodb: false
[2025-08-13 23:09:49][PRODUTO][LIST][GET] - Listando produtos do usuário ID: 1
[2025-08-13 23:09:49][PRODUTO][LIST][GET] - Produtos listados com sucesso para usuário ID: 1 | Quantidade: 2
[2025-08-13 23:09:54] verify token in mongodb: false
[2025-08-13 23:09:54][PRODUTO][SEARCH][POST] - Usuário ID: 1 pesquisando produtos com query: "tenis"
[2025-08-13 23:09:54][PRODUTO][SEARCH][POST] - Pesquisa concluída para usuário ID: 1 | Resultados: 2
[2025-08-13 23:10:10][LOGIN][POST] - Tentativa de login: diogo@gmail.com
[2025-08-13 23:10:10][LOGIN][POST] - Login bem sucedido: diogo@gmail.com
[2025-08-13 23:10:11] verify token in mongodb: false
[2025-08-13 23:10:11][PRODUTO][LIST][GET] - Listando produtos do usuário ID: 1
[2025-08-13 23:10:11][PRODUTO][LIST][GET] - Produtos listados com sucesso para usuário ID: 1 | Quantidade: 2
[2025-08-13 23:10:12][LOGIN][POST] - Tentativa de login: kennedysaster@gmail.com
[2025-08-13 23:10:12][LOGIN][POST] - Login bem sucedido: kennedysaster@gmail.com
[2025-08-13 23:10:13] verify token in mongodb: false
[2025-08-13 23:10:13][PRODUTO][LIST][GET] - Listando produtos do usuário ID: 2
[2025-08-13 23:10:13][PRODUTO][LIST][GET] - Produtos listados com sucesso para usuário ID: 2 | Quantidade: 1
[2025-08-13 23:10:25] verify token in mongodb: false
[2025-08-13 23:10:25][PRODUTO][SEARCH][POST] - Usuário ID: 1 pesquisando produtos com query: "tenis"
[2025-08-13 23:10:25][PRODUTO][SEARCH][POST] - Pesquisa concluída para usuário ID: 1 | Resultados: 2
[2025-08-13 23:10:28] verify token in mongodb: false
[2025-08-13 23:10:28][PRODUTO][LIST][GET] - Listando produtos do usuário ID: 1
[2025-08-13 23:10:28][PRODUTO][LIST][GET] - Produtos listados com sucesso para usuário ID: 1 | Quantidade: 2
[2025-08-13 23:11:22][LOGIN][POST] - Tentativa de login: diogo@gmail.com
[2025-08-13 23:11:22][LOGIN][POST] - Login bem sucedido: diogo@gmail.com
[2025-08-13 23:11:23] verify token in mongodb: false
[2025-08-13 23:11:23][PRODUTO][LIST][GET] - Listando produtos do usuário ID: 1
[2025-08-13 23:11:23][PRODUTO][LIST][GET] - Produtos listados com sucesso para usuário ID: 1 | Quantidade: 2
[2025-08-13 23:11:29] verify token in mongodb: false
[2025-08-13 23:11:29][PRODUTO][SEARCH][POST] - Usuário ID: 1 pesquisando produtos com query: "tenis"
[2025-08-13 23:11:29][PRODUTO][SEARCH][POST] - Pesquisa concluída para usuário ID: 1 | Resultados: 2
[2025-08-13 23:15:20][LOGIN][POST] - Tentativa de login: kennedysaster@gmail.com
[2025-08-13 23:15:20][LOGIN][POST] - Login bem sucedido: kennedysaster@gmail.com
[2025-08-13 23:15:24] verify token in mongodb: false
[2025-08-13 23:15:24][PRODUTO][LIST][GET] - Listando produtos do usuário ID: 2
[2025-08-13 23:15:24][PRODUTO][LIST][GET] - Produtos listados com sucesso para usuário ID: 2 | Quantidade: 1
[2025-08-13 23:16:24][LOGIN][POST] - Tentativa de login: kennedysaster@gmail.com
[2025-08-13 23:16:25][LOGIN][POST] - Login bem sucedido: kennedysaster@gmail.com
[2025-08-13 23:16:30] verify token in mongodb: false
[2025-08-13 23:16:30][PRODUTO][LIST][GET] - Listando produtos do usuário ID: 2
[2025-08-13 23:16:30][PRODUTO][LIST][GET] - Produtos listados com sucesso para usuário ID: 2 | Quantidade: 1
[2025-08-14 00:21:44][LOGIN][POST] - Tentativa de login: diogo@gmail.com
[2025-08-14 00:21:44][LOGIN][POST] - Login bem sucedido: diogo@gmail.com
[2025-08-14 00:21:45] verify token in mongodb: false
[2025-08-14 00:21:45][PRODUTO][LIST][GET] - Listando produtos do usuário ID: 1
[2025-08-14 00:21:45][PRODUTO][LIST][GET] - Produtos listados com sucesso para usuário ID: 1 | Quantidade: 2
[2025-08-14 00:21:55][LOGIN][POST] - Tentativa de login: diogo@gmail.com
[2025-08-14 00:21:55][LOGIN][POST] - Login bem sucedido: diogo@gmail.com
[2025-08-14 00:21:55] verify token in mongodb: false
[2025-08-14 00:21:55][PRODUTO][LIST][GET] - Listando produtos do usuário ID: 1
[2025-08-14 00:21:55][PRODUTO][LIST][GET] - Produtos listados com sucesso para usuário ID: 1 | Quantidade: 2
[2025-08-14 00:23:56][LOGIN][POST] - Tentativa de login: diogo@gmail.com
[2025-08-14 00:23:56][LOGIN][POST] - Login bem sucedido: diogo@gmail.com
[2025-08-14 00:23:56] verify token in mongodb: false
[2025-08-14 00:23:56][PRODUTO][LIST][GET] - Listando produtos do usuário ID: 1
[2025-08-14 00:23:56][PRODUTO][LIST][GET] - Produtos listados com sucesso para usuário ID: 1 | Quantidade: 2
[2025-08-14 00:25:45][LOGIN][POST] - Tentativa de login: diogo@gmail.com
[2025-08-14 00:25:45][LOGIN][POST] - Login bem sucedido: diogo@gmail.com
[2025-08-14 00:25:45] verify token in mongodb: false
[2025-08-14 00:25:45][PRODUTO][LIST][GET] - Listando produtos do usuário ID: 1
[2025-08-14 00:25:45][PRODUTO][LIST][GET] - Produtos listados com sucesso para usuário ID: 1 | Quantidade: 2
[2025-08-14 23:02:36][LOGIN][POST] - Tentativa de login: diogo@gmail.com
[2025-08-14 23:02:36][LOGIN][POST] - Login bem sucedido: diogo@gmail.com
[2025-08-14 23:02:39] verify token in mongodb: false
[2025-08-14 23:02:39][PRODUTO][LIST][GET] - Listando produtos do usuário ID: 1
[2025-08-14 23:02:39][PRODUTO][LIST][GET] - Produtos listados com sucesso para usuário ID: 1 | Quantidade: 2
[2025-08-14 23:02:54] verify token in mongodb: false
[2025-08-14 23:02:54][PRODUTO][LIST][GET] - Listando produtos do usuário ID: 1
[2025-08-14 23:02:54][PRODUTO][LIST][GET] - Produtos listados com sucesso para usuário ID: 1 | Quantidade: 2
[2025-08-14 23:42:22][LOGIN][POST] - Tentativa de login: diogo@gmail.com
[2025-08-14 23:42:22][LOGIN][POST] - Login bem sucedido: diogo@gmail.com
[2025-08-14 23:42:26] verify token in mongodb: false
[2025-08-14 23:42:26][PRODUTO][LIST][GET] - Listando produtos do usuário ID: 1
[2025-08-14 23:42:26][PRODUTO][LIST][GET] - Produtos listados com sucesso para usuário ID: 1 | Quantidade: 2
[2025-08-16 12:15:51][LOGIN][POST] - Tentativa de login: diogo@gmail.com
[2025-08-16 12:15:51][LOGIN][POST] - Login bem sucedido: diogo@gmail.com
[2025-08-16 12:15:54] verify token in mongodb: false
[2025-08-16 12:15:54][PRODUTO][LIST][GET] - Listando produtos do usuário ID: 1
[2025-08-16 12:15:54][PRODUTO][LIST][GET] - Produtos listados com sucesso para usuário ID: 1 | Quantidade: 2
[2025-08-16 12:18:04] verify token in mongodb: false
[2025-08-16 12:18:04][PRODUTO][LIST][GET] - Listando produtos do usuário ID: 1
[2025-08-16 12:18:04][PRODUTO][LIST][GET] - Produtos listados com sucesso para usuário ID: 1 | Quantidade: 2
[2025-08-16 12:18:08] verify token in mongodb: false
[2025-08-16 12:18:08][PRODUTO][UPDATE][PUT] - Usuário ID: 1 tentando atualizar produto ID: 3
Dados recebidos do usuário: {"nome":"Tenis","preco":195,"quantidade":123}
[2025-08-16 12:18:08][PRODUTO][UPDATE][PUT] - Produto ID: 3 atualizado com sucesso pelo usuário ID: 1
[2025-08-16 12:18:08] verify token in mongodb: false
[2025-08-16 12:18:08][PRODUTO][LIST][GET] - Listando produtos do usuário ID: 1
[2025-08-16 12:18:08][PRODUTO][LIST][GET] - Produtos listados com sucesso para usuário ID: 1 | Quantidade: 2
